app/build/outputs/logs/manifest-merger-release-report.txt
-- Merging decision tree log ---
manifest
ADDED from src/main/AndroidManifest.xml:1:1-57:12
	xmlns:android
		ADDED from src/main/AndroidManifest.xml:1:11-69
	package
		ADDED from src/main/AndroidManifest.xml:2:5-42
		INJECTED from src/main/AndroidManifest.xml
		INJECTED from src/main/AndroidManifest.xml
	android:versionName
		ADDED from src/main/AndroidManifest.xml:4:5-32
		INJECTED from src/main/AndroidManifest.xml
		INJECTED from src/main/AndroidManifest.xml
	android:versionCode
		ADDED from src/main/AndroidManifest.xml:3:5-37
		INJECTED from src/main/AndroidManifest.xml
		INJECTED from src/main/AndroidManifest.xml
uses-sdk
ADDED from src/main/AndroidManifest.xml:6:5-73
	android:targetSdkVersion
		ADDED from src/main/AndroidManifest.xml:6:41-70
		INJECTED from src/main/AndroidManifest.xml
		INJECTED from src/main/AndroidManifest.xml
	android:minSdkVersion
		ADDED from src/main/AndroidManifest.xml:6:15-40
		INJECTED from src/main/AndroidManifest.xml
		INJECTED from src/main/AndroidManifest.xml
uses-permission#android.permission.RECEIVE_BOOT_COMPLETED
ADDED from src/main/AndroidManifest.xml:8:2-78
	android:name
		ADDED from src/main/AndroidManifest.xml:8:19-75
uses-permission#android.permission.CALL_PHONE
ADDED from src/main/AndroidManifest.xml:9:2-66
	android:name
		ADDED from src/main/AndroidManifest.xml:9:19-63
uses-permission#android.permission.RECEIVE_SMS
ADDED from src/main/AndroidManifest.xml:10:2-67
	android:name
		ADDED from src/main/AndroidManifest.xml:10:19-64
application
ADDED from src/main/AndroidManifest.xml:12:5-55:19
	android:label
		ADDED from src/main/AndroidManifest.xml:16:6-38
	android:allowBackup
		ADDED from src/main/AndroidManifest.xml:13:9-35
	android:icon
		ADDED from src/main/AndroidManifest.xml:14:9-45
	android:theme
		ADDED from src/main/AndroidManifest.xml:15:9-40
activity#com.psalm0105.noticeAnyTime.RuleListActivity
ADDED from src/main/AndroidManifest.xml:19:6-26:14
	android:theme
		ADDED from src/main/AndroidManifest.xml:21:4-43
	android:name
		ADDED from src/main/AndroidManifest.xml:20:10-69
intent-filter#android.intent.action.MAIN+android.intent.category.LAUNCHER
ADDED from src/main/AndroidManifest.xml:22:4-25:20
action#android.intent.action.MAIN
ADDED from src/main/AndroidManifest.xml:23:5-57
	android:name
		ADDED from src/main/AndroidManifest.xml:23:13-54
category#android.intent.category.LAUNCHER
ADDED from src/main/AndroidManifest.xml:24:5-65
	android:name
		ADDED from src/main/AndroidManifest.xml:24:15-62
activity#com.psalm0105.noticeAnyTime.SettingActivity
ADDED from src/main/AndroidManifest.xml:28:6-31:14
	android:theme
		ADDED from src/main/AndroidManifest.xml:30:4-51
	android:name
		ADDED from src/main/AndroidManifest.xml:29:10-68
activity#com.psalm0105.noticeAnyTime.RuleSettingActivity
ADDED from src/main/AndroidManifest.xml:32:6-35:14
	android:theme
		ADDED from src/main/AndroidManifest.xml:34:4-51
	android:name
		ADDED from src/main/AndroidManifest.xml:33:10-72
receiver#com.psalm0105.noticeAnyTime.BootReceiver
ADDED from src/main/AndroidManifest.xml:37:6-45:14
	android:label
		ADDED from src/main/AndroidManifest.xml:41:7-35
	android:process
		ADDED from src/main/AndroidManifest.xml:39:7-32
	android:enabled
		ADDED from src/main/AndroidManifest.xml:38:7-29
	android:name
		ADDED from src/main/AndroidManifest.xml:40:7-62
intent-filter#android.intent.action.BOOT_COMPLETED
ADDED from src/main/AndroidManifest.xml:42:7-44:23
action#android.intent.action.BOOT_COMPLETED
ADDED from src/main/AndroidManifest.xml:43:11-73
	android:name
		ADDED from src/main/AndroidManifest.xml:43:19-70
service#com.psalm0105.noticeAnyTime.NoticeAnyTimeService
ADDED from src/main/AndroidManifest.xml:47:6-54:13
	android:label
		ADDED from src/main/AndroidManifest.xml:50:4-40
	android:enabled
		ADDED from src/main/AndroidManifest.xml:48:10-32
	android:name
		ADDED from src/main/AndroidManifest.xml:49:4-67
intent-filter#com.psalm0105.noticeAnyTime.NoticeAnyTimeService
ADDED from src/main/AndroidManifest.xml:51:4-53:20
action#com.psalm0105.noticeAnyTime.NoticeAnyTimeService
ADDED from src/main/AndroidManifest.xml:52:5-79
	android:name
		ADDED from src/main/AndroidManifest.xml:52:13-76